<?xml version="1.0" encoding="UTF-8"?>
<testsuite xmlns:xsi="http://www.w3.org/2001/XMLSchema-instance" xsi:schemaLocation="https://maven.apache.org/surefire/maven-surefire-plugin/xsd/surefire-test-report.xsd" name="TestSuite" time="29.292" tests="5" errors="0" skipped="0" failures="0">
  <properties>
[...]
</properties>
  <testcase name="addProductToCart" classname="com.browserstack.BStackDemoTest" time="1.679"/>
  <testcase name="addProductToCart" classname="com.browserstack.BStackDemoTest" time="0.076"/>
  <testcase name="addProductToCart" classname="com.browserstack.BStackDemoTest" time="1.989"/>
  <testcase name="addProductToCart" classname="com.browserstack.BStackDemoTest" time="2.736"/>
  <testcase name="addProductToCart" classname="com.browserstack.BStackDemoTest" time="6.739"/>
</testsuite>